<?xml version="1.0" encoding="UTF-8"?>
<!-- Generated by org.testng.reporters.JUnitReportReporter -->
<testsuite skipped="0" hostname="5K9KKT2" name="Registeration_Page" tests="1" failures="0" timestamp="2021-09-12T20:36:37 IST" time="13.624" errors="0">
  <testcase name="getURL" time="13.624" classname="Registeration_Page"/>
  <system-out/>
</testsuite> <!-- Registeration_Page -->
