<?xml version="1.0" encoding="UTF-8"?>
<!-- Generated by org.testng.reporters.JUnitReportReporter -->
<testsuite skipped="0" hostname="5K9KKT2" name="Reset_Page" tests="1" failures="0" timestamp="2021-09-09T19:55:14 IST" time="18.243" errors="0">
  <testcase name="getURL" time="18.243" classname="Reset_Page"/>
  <system-out/>
</testsuite> <!-- Reset_Page -->
