<?xml version="1.0" encoding="UTF-8"?>
<!-- Generated by org.testng.reporters.JUnitReportReporter -->
<testsuite skipped="0" hostname="5K9KKT2" name="Reset_Page" tests="1" failures="0" timestamp="2021-09-12T20:36:37 IST" time="13.809" errors="0">
  <testcase name="getURL" time="13.809" classname="Reset_Page"/>
  <system-out/>
</testsuite> <!-- Reset_Page -->
