<?xml version="1.0" encoding="UTF-8"?>
<!-- Generated by org.testng.reporters.JUnitReportReporter -->
<testsuite skipped="0" hostname="5K9KKT2" name="Registeration_Page" tests="1" failures="0" timestamp="2021-09-09T19:55:14 IST" time="16.348" errors="0">
  <testcase name="getURL" time="16.348" classname="Registeration_Page"/>
  <system-out/>
</testsuite> <!-- Registeration_Page -->
